/etc/gdm/Xsession: Beginning session setup...
localuser:robocode being added to access control list
/etc/gdm/Xsession: ssh-agent not found!
/etc/gdm/Xsession: Setup done, will execute: gnome-session
GNOME_KEYRING_CONTROL=/run/user/1000/keyring-OrohOL
SSH_AUTH_SOCK=/run/user/1000/keyring-OrohOL/ssh
GNOME_KEYRING_CONTROL=/run/user/1000/keyring-OrohOL
GNOME_KEYRING_CONTROL=/run/user/1000/keyring-OrohOL
SSH_AUTH_SOCK=/run/user/1000/keyring-OrohOL/ssh
GNOME_KEYRING_CONTROL=/run/user/1000/keyring-OrohOL
SSH_AUTH_SOCK=/run/user/1000/keyring-OrohOL/ssh
GPG_AGENT_INFO=/run/user/1000/keyring-OrohOL/gpg:0:1
Failed to play sound: File or data not found

** (nm-applet:480): WARNING **: Could not initialize NMClient /org/freedesktop/NetworkManager: Unit dbus-org.freedesktop.NetworkManager.service failed to load: No such file or directory. See system logs and 'systemctl status dbus-org.freedesktop.NetworkManager.service' for details.
** Message: applet now removed from the notification area

** (nm-applet:480): WARNING **: fetch_connections_done: error fetching connections: (32) Unit dbus-org.freedesktop.NetworkManager.service failed to load: No such file or directory. See system logs and 'systemctl status dbus-org.freedesktop.NetworkManager.service' for details..

** (nm-applet:480): WARNING **: Failed to register as an agent: (32) Unit dbus-org.freedesktop.NetworkManager.service failed to load: No such file or directory. See system logs and 'systemctl status dbus-org.freedesktop.NetworkManager.service' for details.
      JS LOG: Error: Requiring IBus, version none: Typelib file for namespace 'IBus' (any version) not found
Window manager warning: Log level 16: Could not initialize NMClient /org/freedesktop/NetworkManager: Unit dbus-org.freedesktop.NetworkManager.service failed to load: No such file or directory. See system logs and 'systemctl status dbus-org.freedesktop.NetworkManager.service' for details.
      JS LOG: GNOME Shell started at Mon Jan 28 2013 16:23:44 GMT-0500 (EST)
** Message: applet now embedded in the notification area
Window manager warning: CurrentTime used to choose focus window; focus window may not be correct.
Window manager warning: Got a request to focus the no_focus_window with a timestamp of 0.  This shouldn't happen!
Window manager warning: Log level 16: fetch_connections_done: error fetching connections: (32) Unit dbus-org.freedesktop.NetworkManager.service failed to load: No such file or directory. See system logs and 'systemctl status dbus-org.freedesktop.NetworkManager.service' for details..
Window manager warning: Log level 16: _nm_remote_settings_ensure_inited: (NMRemoteSettings) error initializing: Unit dbus-org.freedesktop.NetworkManager.service failed to load: No such file or directory. See system logs and 'systemctl status dbus-org.freedesktop.NetworkManager.service' for details.

PolicyKit daemon disconnected from the bus.
We are no longer a registered authentication agent.
gnome-session[380]: Gdk-WARNING: gnome-session: Fatal IO error 11 (Resource temporarily unavailable) on X server :0.


(gnome-settings-daemon:418): Gdk-WARNING **: gnome-settings-daemon: Fatal IO error 11 (Resource temporarily unavailable) on X server :0.

Window manager warning: Log level 16: gnome-shell: Fatal IO error 11 (Resource temporarily unavailable) on X server :0.

g_dbus_connection_real_closed: Remote peer vanished with error: Underlying GIOStream returned 0 bytes on an async read (g-io-error-quark, 0). Exiting.
g_dbus_connection_real_closed: Remote peer vanished with error: Underlying GIOStream returned 0 bytes on an async read (g-io-error-quark, 0). Exiting.
** Message: PID 480 (we are 480) sent signal 15, shutting down...

(gnome-terminal:582): Gdk-WARNING **: gnome-terminal: Fatal IO error 11 (Resource temporarily unavailable) on X server :0.

